<?xml version="1.0" encoding="UTF-8"?>
<!-- Generated by org.testng.reporters.JUnitReportReporter -->
<testsuite hostname="ASH" failures="0" tests="1" name="testNG_Programs.WaitsInSelenium" time="0.656" errors="0" timestamp="2024-07-19T10:36:03 IST" skipped="0">
  <testcase classname="testNG_Programs.WaitsInSelenium" name="explicitWaitsInSelenium" time="0.656"/>
  <system-out/>
</testsuite> <!-- testNG_Programs.WaitsInSelenium -->
