<?xml version="1.0" encoding="UTF-8"?>
<!-- Generated by org.testng.reporters.JUnitReportReporter -->
<testsuite hostname="ASH" failures="0" tests="2" name="Assignment.Assignment21" time="12.161" errors="0" timestamp="2024-07-23T18:48:54 IST" skipped="0">
  <testcase classname="Assignment.Assignment21" name="verifySearchOfFruitApple" time="5.759"/>
  <system-out/>
  <testcase classname="Assignment.Assignment21" name="verifySearchOfFruitOranges" time="6.402"/>
  <system-out/>
</testsuite> <!-- Assignment.Assignment21 -->
