<?xml version="1.0" encoding="UTF-8"?>
<!-- Generated by org.testng.reporters.JUnitReportReporter -->
<testsuite hostname="ASH" failures="0" tests="3" name="testNG_Programs.AlertHandling" time="21.448" errors="0" timestamp="2024-07-19T10:36:03 IST" skipped="0">
  <testcase classname="testNG_Programs.AlertHandling" name="verifySimpleAlert" time="9.223"/>
  <system-out/>
  <testcase classname="testNG_Programs.AlertHandling" name="verifyPromptAlert" time="5.187"/>
  <system-out/>
  <testcase classname="testNG_Programs.AlertHandling" name="verifyConfirmationAlert" time="7.038"/>
  <system-out/>
</testsuite> <!-- testNG_Programs.AlertHandling -->
