<?xml version="1.0" encoding="UTF-8"?>
<!-- Generated by org.testng.reporters.JUnitReportReporter -->
<testsuite hostname="ASH" failures="0" tests="2" name="testNG_Programs.FileUploadRobotClass" time="0.729" errors="0" timestamp="2024-07-19T10:36:03 IST" skipped="0">
  <testcase classname="testNG_Programs.FileUploadRobotClass" name="verifyFileUpload" time="0.522"/>
  <system-out/>
  <testcase classname="testNG_Programs.FileUploadRobotClass" name="uploadUsingSendKeys" time="0.207"/>
  <system-out/>
</testsuite> <!-- testNG_Programs.FileUploadRobotClass -->
