<?xml version="1.0" encoding="UTF-8"?>
<!-- Generated by org.testng.reporters.JUnitReportReporter -->
<testsuite hostname="ASH" failures="0" tests="4" name="testNG_Programs.SampleProgram1" time="27.403" errors="0" timestamp="2024-07-19T10:36:04 IST" skipped="0">
  <testcase classname="testNG_Programs.SampleProgram1" name="verifyGetAllSelectedOptionsFromDP" time="7.574"/>
  <system-out/>
  <testcase classname="testNG_Programs.SampleProgram1" name="verifySelectedValueFromDropdown" time="10.060"/>
  <system-out/>
  <testcase classname="testNG_Programs.SampleProgram1" name="verifyDropdownIsMultiSelect" time="5.711"/>
  <system-out/>
  <testcase classname="testNG_Programs.SampleProgram1" name="verifyAllOptionsInDropDown" time="4.058"/>
  <system-out/>
</testsuite> <!-- testNG_Programs.SampleProgram1 -->
