<?xml version="1.0" encoding="UTF-8"?>
<!-- Generated by org.testng.reporters.JUnitReportReporter -->
<testsuite hostname="ASH" failures="0" tests="2" name="testNG_Programs.AnnotationHierarchy" time="0.024" errors="0" timestamp="2024-07-19T10:36:03 IST" skipped="0">
  <testcase classname="testNG_Programs.AnnotationHierarchy" name="testcase1" time="0.023"/>
  <system-out/>
  <testcase classname="testNG_Programs.AnnotationHierarchy" name="testcase2" time="0.001"/>
  <system-out/>
</testsuite> <!-- testNG_Programs.AnnotationHierarchy -->
