<?xml version="1.0" encoding="UTF-8"?>
<!-- Generated by org.testng.reporters.JUnitReportReporter -->
<testsuite hostname="ASH" failures="0" tests="1" name="testNG_Programs.TableHandling" time="0.699" errors="0" timestamp="2024-07-19T10:36:03 IST" skipped="0">
  <testcase classname="testNG_Programs.TableHandling" name="findIslandTrading" time="0.699"/>
  <system-out/>
</testsuite> <!-- testNG_Programs.TableHandling -->
