<?xml version="1.0" encoding="UTF-8"?>
<!-- Generated by org.testng.reporters.JUnitReportReporter -->
<testsuite hostname="ASH" failures="0" tests="5" name="testNG_Assignment.Assignment16" time="1.800" errors="0" timestamp="2024-07-12T20:19:30 IST" skipped="0">
  <testcase classname="testNG_Assignment.Assignment16" name="selectAllCourse" time="0.459"/>
  <system-out/>
  <testcase classname="testNG_Assignment.Assignment16" name="verifyAllDropDowns" time="0.113"/>
  <system-out/>
  <testcase classname="testNG_Assignment.Assignment16" name="verifyIDEDropdownIsMultiple" time="0.100"/>
  <system-out/>
  <testcase classname="testNG_Assignment.Assignment16" name="selectValuesAndPrint" time="0.809"/>
  <system-out/>
  <testcase classname="testNG_Assignment.Assignment16" name="selectCourseAndPrintSelectedValue" time="0.319"/>
  <system-out/>
</testsuite> <!-- testNG_Assignment.Assignment16 -->
