<?xml version="1.0" encoding="UTF-8"?>
<!-- Generated by org.testng.reporters.JUnitReportReporter -->
<testsuite hostname="ASH" failures="0" tests="1" name="testNG_Programs.LoginOrangeHRM" time="11.495" errors="0" timestamp="2024-07-08T12:55:48 IST" skipped="0">
  <testcase classname="testNG_Programs.LoginOrangeHRM" name="verifyLoginButton" time="11.495"/>
  <system-out/>
</testsuite> <!-- testNG_Programs.LoginOrangeHRM -->
