<?xml version="1.0" encoding="UTF-8"?>
<!-- Generated by org.testng.reporters.JUnitReportReporter -->
<testsuite hostname="ASH" failures="0" tests="3" name="testNG_Assignment.Assignment15" time="20.985" errors="0" timestamp="2024-07-12T19:28:21 IST" skipped="0">
  <testcase classname="testNG_Assignment.Assignment15" name="verifyConfirmationAlertBox" time="6.012"/>
  <system-out/>
  <testcase classname="testNG_Assignment.Assignment15" name="verifyPromptAlertBox" time="7.120"/>
  <system-out/>
  <testcase classname="testNG_Assignment.Assignment15" name="verifySimpleAlertBox" time="7.853"/>
  <system-out/>
</testsuite> <!-- testNG_Assignment.Assignment15 -->
