<?xml version="1.0" encoding="UTF-8"?>
<!-- Generated by org.testng.reporters.JUnitReportReporter -->
<testsuite hostname="ASH" failures="0" tests="2" name="testNG_Assignment.Assignment14" time="0.258" errors="0" timestamp="2024-07-12T20:12:56 IST" skipped="0">
  <testcase classname="testNG_Assignment.Assignment14" name="verifyFirstRowData" time="0.195"/>
  <system-out/>
  <testcase classname="testNG_Assignment.Assignment14" name="verifyTable" time="0.063"/>
  <system-out/>
</testsuite> <!-- testNG_Assignment.Assignment14 -->
