<?xml version="1.0" encoding="UTF-8"?>
<!-- Generated by org.testng.reporters.JUnitReportReporter -->
<testsuite hostname="ASH" failures="0" tests="3" name="testNG_Programs.AlertHandling" time="9.698" errors="0" timestamp="2024-07-08T12:51:23 IST" skipped="0">
  <testcase classname="testNG_Programs.AlertHandling" name="verifyConfirmationAlert" time="3.645"/>
  <system-out/>
  <testcase classname="testNG_Programs.AlertHandling" name="verifyPromptAlert" time="3.036"/>
  <system-out/>
  <testcase classname="testNG_Programs.AlertHandling" name="verifySimpleAlert" time="3.017"/>
  <system-out/>
</testsuite> <!-- testNG_Programs.AlertHandling -->
