<?xml version="1.0" encoding="UTF-8"?>
<!-- Generated by org.testng.reporters.JUnitReportReporter -->
<testsuite hostname="ASH" failures="0" tests="5" name="testNG_Assignment.Assignment20" time="29.022" errors="0" timestamp="2024-07-17T23:17:17 IST" skipped="0">
  <testcase classname="testNG_Assignment.Assignment20" name="verifyCorrectPageOpensWhileLoadingURL" time="4.694"/>
  <system-out/>
  <testcase classname="testNG_Assignment.Assignment20" name="verifyUserNameIsShowingOrNotAfterLogin" time="8.837"/>
  <system-out/>
  <testcase classname="testNG_Assignment.Assignment20" name="verifySucessfulLogin" time="6.341"/>
  <system-out/>
  <testcase classname="testNG_Assignment.Assignment20" name="OrangeHRMLinkIsAvailableInHomePage" time="4.594"/>
  <system-out/>
  <testcase classname="testNG_Assignment.Assignment20" name="verifyLogoIsDisplayed" time="4.556"/>
  <system-out/>
</testsuite> <!-- testNG_Assignment.Assignment20 -->
