<?xml version="1.0" encoding="UTF-8"?>
<!-- Generated by org.testng.reporters.JUnitReportReporter -->
<testsuite hostname="ASH" failures="0" tests="1" name="testNG_Programs.AssertionsSample" time="4.468" errors="0" timestamp="2024-07-17T09:15:07 IST" skipped="0">
  <testcase classname="testNG_Programs.AssertionsSample" name="verifyExactURLOpensWhileHittingTheURLSoftAssert" time="4.468"/>
  <system-out/>
</testsuite> <!-- testNG_Programs.AssertionsSample -->
