<?xml version="1.0" encoding="UTF-8"?>
<!-- Generated by org.testng.reporters.JUnitReportReporter -->
<testsuite hostname="ASH" failures="0" tests="1" name="testNG_Programs.Scrolling" time="6.616" errors="0" timestamp="2024-07-08T12:45:08 IST" skipped="0">
  <testcase classname="testNG_Programs.Scrolling" name="verifyScrollingWebPage" time="6.616"/>
  <system-out/>
</testsuite> <!-- testNG_Programs.Scrolling -->
