<?xml version="1.0" encoding="UTF-8"?>
<!-- Generated by org.testng.reporters.JUnitReportReporter -->
<testsuite hostname="ASH" failures="0" tests="1" name="testNG_Assignment.Assignment18" time="3.869" errors="0" timestamp="2024-07-16T21:26:52 IST" skipped="0">
  <testcase classname="testNG_Assignment.Assignment18" name="f" time="3.869"/>
  <system-out/>
</testsuite> <!-- testNG_Assignment.Assignment18 -->
