<?xml version="1.0" encoding="UTF-8"?>
<!-- Generated by org.testng.reporters.JUnitReportReporter -->
<testsuite hostname="ASH" failures="0" tests="4" name="testNG_Programs.SampleProgram1" time="52.757" errors="0" timestamp="2024-07-08T11:04:14 IST" skipped="0">
  <testcase classname="testNG_Programs.SampleProgram1" name="verifySelectedValueFromDropdown" time="5.092"/>
  <system-out/>
  <testcase classname="testNG_Programs.SampleProgram1" name="verifyAllOptionsInDropDown" time="26.344"/>
  <system-out/>
  <testcase classname="testNG_Programs.SampleProgram1" name="verifyGetAllSelectedOptionsFromDP" time="6.968"/>
  <system-out/>
  <testcase classname="testNG_Programs.SampleProgram1" name="verifyDropdownIsMultiSelect" time="14.353"/>
  <system-out/>
</testsuite> <!-- testNG_Programs.SampleProgram1 -->
