<?xml version="1.0" encoding="UTF-8"?>
<!-- Generated by org.testng.reporters.JUnitReportReporter -->
<testsuite hostname="ASH" failures="0" tests="4" name="testNG_Assignment.Assignment19" time="9.272" errors="0" timestamp="2024-07-16T21:30:55 IST" skipped="0">
  <testcase classname="testNG_Assignment.Assignment19" name="verifyUnSuccessfulLoginUsingURL" time="2.654"/>
  <system-out/>
  <testcase classname="testNG_Assignment.Assignment19" name="verifyUnSuccessfulLogin" time="2.091"/>
  <system-out/>
  <testcase classname="testNG_Assignment.Assignment19" name="verifyRememberMeCheckBoxIsSelected" time="1.967"/>
  <system-out/>
  <testcase classname="testNG_Assignment.Assignment19" name="verifySuccessfulLogin" time="2.560"/>
  <system-out/>
</testsuite> <!-- testNG_Assignment.Assignment19 -->
