<?xml version="1.0" encoding="UTF-8"?>
<!-- Generated by org.testng.reporters.JUnitReportReporter -->
<testsuite hostname="ASH" failures="0" tests="1" name="testNG_Programs.ActionsClass" time="3.468" errors="0" timestamp="2024-07-13T10:40:10 IST" skipped="0">
  <testcase classname="testNG_Programs.ActionsClass" name="keyDown" time="3.468"/>
  <system-out/>
</testsuite> <!-- testNG_Programs.ActionsClass -->
