<?xml version="1.0" encoding="UTF-8"?>
<!-- Generated by org.testng.reporters.JUnitReportReporter -->
<testsuite hostname="ASH" failures="0" tests="2" name="testNG_Programs.AnnotationHierarchy" time="0.016" errors="0" timestamp="2024-07-08T10:39:01 IST" skipped="0">
  <testcase classname="testNG_Programs.AnnotationHierarchy" name="testcase1" time="0.013"/>
  <system-out/>
  <testcase classname="testNG_Programs.AnnotationHierarchy" name="testcase2" time="0.003"/>
  <system-out/>
</testsuite> <!-- testNG_Programs.AnnotationHierarchy -->
